#
# There is insufficient memory for the Java Runtime Environment to continue.
# Native memory allocation (mmap) failed to map 134217728 bytes for Failed to commit area from 0x0000000081000000 to 0x0000000089000000 of length 134217728.
# Possible reasons:
#   The system is out of physical RAM or swap space
#   The process is running with CompressedOops enabled, and the Java Heap may be blocking the growth of the native heap
# Possible solutions:
#   Reduce memory load on the system
#   Increase physical memory or swap space
#   Check if swap backing store is full
#   Decrease Java heap size (-Xmx/-Xms)
#   Decrease number of Java threads
#   Decrease Java thread stack sizes (-Xss)
#   Set larger code cache with -XX:ReservedCodeCacheSize=
# This output file may be truncated or incomplete.
#
#  Out of Memory Error (./open/src/hotspot/os/windows/os_windows.cpp:3284), pid=29688, tid=17264
#
# JRE version:  (11.0.14+8) (build )
# Java VM: Java HotSpot(TM) 64-Bit Server VM (11.0.14+8-LTS-263, mixed mode, sharing, tiered, compressed oops, g1 gc, windows-amd64)
# No core dump will be written. Minidumps are not enabled by default on client versions of Windows
#

---------------  S U M M A R Y ------------

Command Line: -javaagent:C:\Program Files\JetBrains\IntelliJ IDEA Community Edition 2021.3.2\lib\idea_rt.jar=53268:C:\Program Files\JetBrains\IntelliJ IDEA Community Edition 2021.3.2\bin -Dfile.encoding=UTF-8 com.nology.Main

Host: Intel(R) Core(TM) i5-6200U CPU @ 2.30GHz, 4 cores, 7G,  Windows 10 , 64 bit Build 19041 (10.0.19041.1566)
Time: Fri Mar 18 14:09:05 2022 GMT Standard Time elapsed time: 0.229235 seconds (0d 0h 0m 0s)

---------------  T H R E A D  ---------------

Current thread (0x0000024e95976000):  JavaThread "Unknown thread" [_thread_in_vm, id=17264, stack(0x000000cb5f600000,0x000000cb5f700000)]

Stack: [0x000000cb5f600000,0x000000cb5f700000]
Native frames: (J=compiled Java code, j=interpreted, Vv=VM code, C=native code)
V  [jvm.dll+0x6296da]
V  [jvm.dll+0x76323f]
V  [jvm.dll+0x7648e9]
V  [jvm.dll+0x764f73]
V  [jvm.dll+0x23d7c8]
V  [jvm.dll+0x626a5a]
V  [jvm.dll+0x61b7f5]
V  [jvm.dll+0x2f262c]
V  [jvm.dll+0x2f24b2]
V  [jvm.dll+0x2f71d6]
V  [jvm.dll+0x339bdf]
V  [jvm.dll+0x339610]
V  [jvm.dll+0x2cfc48]
V  [jvm.dll+0x2d0db6]
V  [jvm.dll+0x73d857]
V  [jvm.dll+0x73f0ef]
V  [jvm.dll+0x346909]
V  [jvm.dll+0x723160]
V  [jvm.dll+0x3b551f]
V  [jvm.dll+0x3b7631]
C  [jli.dll+0x5207]
C  [ucrtbase.dll+0x21bb2]
C  [KERNEL32.DLL+0x17034]
C  [ntdll.dll+0x52651]


---------------  P R O C E S S  ---------------

Threads class SMR info:
_java_thread_list=0x0000024e938d5380, length=0, elements={
}

Java Threads: ( => current thread )

Other Threads:
  0x0000024e9598c000 GCTaskThread "GC Thread#0" [stack: 0x000000cb5f700000,0x000000cb5f800000] [id=29240]
  0x0000024e959bc800 ConcurrentGCThread "G1 Main Marker" [stack: 0x000000cb5f800000,0x000000cb5f900000] [id=25740]
  0x0000024e959c0000 ConcurrentGCThread "G1 Conc#0" [stack: 0x000000cb5f900000,0x000000cb5fa00000] [id=12844]

[error occurred during error reporting (printing all threads), id 0xc0000005, EXCEPTION_ACCESS_VIOLATION (0xc0000005) at pc=0x00007ffa6a74eed7]

VM state:not at safepoint (not fully initialized)

VM Mutex/Monitor currently owned by a thread:  ([mutex/lock_event])
[0x0000024e95973b70] Heap_lock - owner thread: 0x0000024e95976000

Heap address: 0x0000000081000000, size: 2032 MB, Compressed Oops mode: Non-zero based: 0x0000000081000000
Narrow klass base: 0x0000000000000000, Narrow klass shift: 0

GC Heap History (0 events):
No events

Deoptimization events (0 events):
No events

Classes redefined (0 events):
No events

Internal exceptions (0 events):
No events

Events (0 events):
No events


Dynamic libraries:
0x00007ff7f9280000 - 0x00007ff7f928f000 	C:\Program Files\Java\jdk-11.0.14\bin\java.exe
0x00007ffad3c90000 - 0x00007ffad3e85000 	C:\WINDOWS\SYSTEM32\ntdll.dll
0x00007ffad2b70000 - 0x00007ffad2c2e000 	C:\WINDOWS\System32\KERNEL32.DLL
0x00007ffad1530000 - 0x00007ffad17f8000 	C:\WINDOWS\System32\KERNELBASE.dll
0x00007ffad1bf0000 - 0x00007ffad1cf0000 	C:\WINDOWS\System32\ucrtbase.dll
0x00007ffabffe0000 - 0x00007ffabfff8000 	C:\Program Files\Java\jdk-11.0.14\bin\jli.dll
0x00007ffad3600000 - 0x00007ffad36ae000 	C:\WINDOWS\System32\ADVAPI32.dll
0x00007ffad1f90000 - 0x00007ffad202e000 	C:\WINDOWS\System32\msvcrt.dll
0x00007ffad2de0000 - 0x00007ffad2e7c000 	C:\WINDOWS\System32\sechost.dll
0x00007ffad1dd0000 - 0x00007ffad1ef5000 	C:\WINDOWS\System32\RPCRT4.dll
0x00007ffad2c30000 - 0x00007ffad2dd0000 	C:\WINDOWS\System32\USER32.dll
0x00007ffad1470000 - 0x00007ffad1492000 	C:\WINDOWS\System32\win32u.dll
0x00007ffad1d90000 - 0x00007ffad1dbb000 	C:\WINDOWS\System32\GDI32.dll
0x00007ffad1a00000 - 0x00007ffad1b0b000 	C:\WINDOWS\System32\gdi32full.dll
0x00007ffad1960000 - 0x00007ffad19fd000 	C:\WINDOWS\System32\msvcp_win.dll
0x00007ffabfd30000 - 0x00007ffabffca000 	C:\WINDOWS\WinSxS\amd64_microsoft.windows.common-controls_6595b64144ccf1df_6.0.19041.1110_none_60b5254171f9507e\COMCTL32.dll
0x00007ffaca730000 - 0x00007ffaca73a000 	C:\WINDOWS\SYSTEM32\VERSION.dll
0x00007ffac66f0000 - 0x00007ffac6705000 	C:\Program Files\Java\jdk-11.0.14\bin\VCRUNTIME140.dll
0x00007ffad2e80000 - 0x00007ffad2eb0000 	C:\WINDOWS\System32\IMM32.DLL
0x00007ffab9070000 - 0x00007ffab910b000 	C:\Program Files\Java\jdk-11.0.14\bin\msvcp140.dll
0x00007ffa6a470000 - 0x00007ffa6af86000 	C:\Program Files\Java\jdk-11.0.14\bin\server\jvm.dll
0x00007ffad1dc0000 - 0x00007ffad1dc8000 	C:\WINDOWS\System32\PSAPI.DLL
0x00007ffab33f0000 - 0x00007ffab33f9000 	C:\WINDOWS\SYSTEM32\WSOCK32.dll
0x00007ffad3be0000 - 0x00007ffad3c4b000 	C:\WINDOWS\System32\WS2_32.dll
0x00007ffabc280000 - 0x00007ffabc2a7000 	C:\WINDOWS\SYSTEM32\WINMM.dll
0x00007ffacf2c0000 - 0x00007ffacf2d2000 	C:\WINDOWS\SYSTEM32\kernel.appcore.dll
0x00007ffaceb20000 - 0x00007ffaceb30000 	C:\Program Files\Java\jdk-11.0.14\bin\verify.dll
0x00007ffab4450000 - 0x00007ffab4634000 	C:\WINDOWS\SYSTEM32\DBGHELP.DLL
0x00007ffab40e0000 - 0x00007ffab410c000 	C:\WINDOWS\SYSTEM32\dbgcore.DLL
0x00007ffad14a0000 - 0x00007ffad1522000 	C:\WINDOWS\System32\bcryptPrimitives.dll
0x00007ffabbb40000 - 0x00007ffabbb68000 	C:\Program Files\Java\jdk-11.0.14\bin\java.dll
0x00007ffabbb30000 - 0x00007ffabbb3a000 	C:\Program Files\Java\jdk-11.0.14\bin\jimage.dll
0x00007ffabbb00000 - 0x00007ffabbb0e000 	C:\Program Files\Java\jdk-11.0.14\bin\instrument.dll
0x00007ffabb220000 - 0x00007ffabb236000 	C:\Program Files\Java\jdk-11.0.14\bin\zip.dll

dbghelp: loaded successfully - version: 4.0.5 - missing functions: none
symbol engine: initialized successfully - sym options: 0x614 - pdb path: .;C:\Program Files\Java\jdk-11.0.14\bin;C:\WINDOWS\SYSTEM32;C:\WINDOWS\WinSxS\amd64_microsoft.windows.common-controls_6595b64144ccf1df_6.0.19041.1110_none_60b5254171f9507e;C:\Program Files\Java\jdk-11.0.14\bin\server

VM Arguments:
jvm_args: -javaagent:C:\Program Files\JetBrains\IntelliJ IDEA Community Edition 2021.3.2\lib\idea_rt.jar=53268:C:\Program Files\JetBrains\IntelliJ IDEA Community Edition 2021.3.2\bin -Dfile.encoding=UTF-8 
java_command: com.nology.Main
java_class_path (initial): C:\Users\709887M2A\nology\Parking\out\production\Parking
Launcher Type: SUN_STANDARD

[Global flags]
     intx CICompilerCount                          = 3                                         {product} {ergonomic}
     uint ConcGCThreads                            = 1                                         {product} {ergonomic}
     uint G1ConcRefinementThreads                  = 4                                         {product} {ergonomic}
   size_t G1HeapRegionSize                         = 1048576                                   {product} {ergonomic}
    uintx GCDrainStackTargetSize                   = 64                                        {product} {ergonomic}
   size_t InitialHeapSize                          = 134217728                                 {product} {ergonomic}
   size_t MarkStackSize                            = 4194304                                   {product} {ergonomic}
   size_t MaxHeapSize                              = 2130706432                                {product} {ergonomic}
   size_t MinHeapDeltaBytes                        = 1048576                                   {product} {ergonomic}
    uintx NonNMethodCodeHeapSize                   = 5830732                                {pd product} {ergonomic}
    uintx NonProfiledCodeHeapSize                  = 122913754                              {pd product} {ergonomic}
    uintx ProfiledCodeHeapSize                     = 122913754                              {pd product} {ergonomic}
    uintx ReservedCodeCacheSize                    = 251658240                              {pd product} {ergonomic}
     bool SegmentedCodeCache                       = true                                      {product} {ergonomic}
     bool UseCompressedClassPointers               = true                                 {lp64_product} {ergonomic}
     bool UseCompressedOops                        = true                                 {lp64_product} {ergonomic}
     bool UseG1GC                                  = true                                      {product} {ergonomic}
     bool UseLargePagesIndividualAllocation        = false                                  {pd product} {ergonomic}

Logging:
Log output configuration:
 #0: stdout all=warning uptime,level,tags
 #1: stderr all=off uptime,level,tags

Environment Variables:
JAVA_HOME=C:\Program Files\Java\jdk-11.0.14
PATH=C:\Program Files\Common Files\Oracle\Java\javapath;C:\Program Files\Eclipse Adoptium\jdk-17.0.2.8-hotspot\bin;C:\Python310\Scripts\;C:\Python310\;C:\Program Files\SIMULIA\Commands;C:\ProgramData\Oracle\Java\javapath;C:\Program Files (x86)\Common Files\Intel\Shared Libraries\redist\ia32_win\compiler;C:\Program Files (x86)\Common Files\Intel\Shared Libraries\redist\ia32\mpirt;C:\Program Files (x86)\Common Files\Intel\Shared Libraries\redist\ia32\compiler;C:\Program Files (x86)\Intel\iCLS Client\;C:\Program Files\Intel\iCLS Client\;C:\WINDOWS\system32;C:\WINDOWS;C:\WINDOWS\System32\Wbem;C:\WINDOWS\System32\WindowsPowerShell\v1.0\;C:\Program Files (x86)\Intel\Intel(R) Management Engine Components\DAL;C:\Program Files\Intel\Intel(R) Management Engine Components\DAL;C:\Program Files (x86)\Intel\Intel(R) Management Engine Components\IPT;C:\Program Files\Intel\Intel(R) Management Engine Components\IPT;C:\WINDOWS\System32\OpenSSH\;C:\Program Files\Intel\WiFi\bin\;C:\Program Files\Common Files\Intel\WirelessCommon\;C:\WINDOWS\system32;C:\WINDOWS;C:\WINDOWS\System32\Wbem;C:\WINDOWS\System32\WindowsPowerShell\v1.0\;C:\WINDOWS\System32\OpenSSH\;C:\Program Files\dotnet\;C:\Program Files\Microsoft SQL Server\Client SDK\ODBC\110\Tools\Binn\;C:\Program Files (x86)\Microsoft SQL Server\120\Tools\Binn\;C:\Program Files\Microsoft SQL Server\120\Tools\Binn\;C:\Program Files\Microsoft SQL Server\120\DTS\Binn\;C:\Program Files (x86)\Microsoft SQL Server\120\Tools\Binn\ManagementStudio\;C:\Program Files (x86)\Microsoft SQL Server\120\DTS\Binn\;C:\Program Files (x86)\dotnet\;C:\Program Files\Git\cmd;C:\ProgramData\chocolatey\bin;C:\Program Files\nodejs\;C:\Program Files\MySQL\MySQL Shell 8.0\bin\;C:\Users\709887M2A\AppData\Local\Microsoft\WindowsApps;C:\Users\709887M2A\.dotnet\tools;C:\Users\709887M2A\AppData\Local\Programs\Microsoft VS Code\bin;C:\Users\709887M2A\AppData\Roaming\npm;C:\Program Files\JetBrains\IntelliJ IDEA Community Edition 2021.3.2\bin;;C:\Users\709887M2A\AppData\Local\
USERNAME=709887M2A
OS=Windows_NT
PROCESSOR_IDENTIFIER=Intel64 Family 6 Model 78 Stepping 3, GenuineIntel



---------------  S Y S T E M  ---------------

OS: Windows 10 , 64 bit Build 19041 (10.0.19041.1566)

CPU:total 4 (initial active 4) (2 cores per cpu, 2 threads per core) family 6 model 78 stepping 3 microcode 0xcc, cmov, cx8, fxsr, mmx, sse, sse2, sse3, ssse3, sse4.1, sse4.2, popcnt, avx, avx2, aes, clmul, erms, 3dnowpref, lzcnt, ht, tsc, tscinvbit, bmi1, bmi2, adx, fma

Memory: 4k page, system-wide physical 8123M (1005M free)
TotalPageFile size 12886M (AvailPageFile size 45M)
current process WorkingSet (physical memory assigned to process): 9M, peak: 9M
current process commit charge ("private bytes"): 51M, peak: 179M

vm_info: Java HotSpot(TM) 64-Bit Server VM (11.0.14+8-LTS-263) for windows-amd64 JRE (11.0.14+8-LTS-263), built on Dec  7 2021 21:53:57 by "mach5one" with MS VC++ 15.9 (VS2017)

END.
